{"/Users/les/play-ground/codility/src/Fibonacci-Forloop/index.js": {"path":"/Users/les/play-ground/codility/src/Fibonacci-Forloop/index.js","statementMap":{"0":{"start":{"line":3,"column":18},"end":{"line":11,"column":1}},"1":{"start":{"line":4,"column":4},"end":{"line":4,"column":26}},"2":{"start":{"line":4,"column":17},"end":{"line":4,"column":26}},"3":{"start":{"line":6,"column":16},"end":{"line":6,"column":22}},"4":{"start":{"line":8,"column":4},"end":{"line":8,"column":71}},"5":{"start":{"line":8,"column":17},"end":{"line":8,"column":18}},"6":{"start":{"line":8,"column":32},"end":{"line":8,"column":71}},"7":{"start":{"line":10,"column":4},"end":{"line":10,"column":24}},"8":{"start":{"line":13,"column":0},"end":{"line":13,"column":37}}},"fnMap":{"0":{"name":"(anonymous_0)","decl":{"start":{"line":3,"column":18},"end":{"line":3,"column":19}},"loc":{"start":{"line":3,"column":25},"end":{"line":11,"column":1}},"line":3}},"branchMap":{"0":{"loc":{"start":{"line":4,"column":4},"end":{"line":4,"column":26}},"type":"if","locations":[{"start":{"line":4,"column":4},"end":{"line":4,"column":26}},{"start":{"line":4,"column":4},"end":{"line":4,"column":26}}],"line":4}},"s":{"0":1,"1":5,"2":1,"3":4,"4":4,"5":4,"6":10,"7":4,"8":1},"f":{"0":5},"b":{"0":[1,4]},"_coverageSchema":"1a1c01bbd47fc00a2c39e90264f33305004495a9","hash":"e9e37ad6449240f1f34c6728a15918ecc3aea706"}
}
